[1 of 1] Compiling Main             ( /tmp/stack8273/GLFW-0.5.2.4/Setup.hs, /tmp/stack8273/GLFW-0.5.2.4/.stack-work/dist/x86_64-linux/Cabal-1.22.4.0/setup/Main.o )

/tmp/stack8273/GLFW-0.5.2.4/Setup.hs:147:1: Warning: Tab character

/tmp/stack8273/GLFW-0.5.2.4/Setup.hs:148:1: Warning: Tab character

/tmp/stack8273/GLFW-0.5.2.4/Setup.hs:149:1: Warning: Tab character
Linking /tmp/stack8273/GLFW-0.5.2.4/.stack-work/dist/x86_64-linux/Cabal-1.22.4.0/setup/setup ...
Configuring GLFW-0.5.2.4...
Checking for Xrandr support...no
Checking for VidMode support...yes
Checking for glXGetProcAddress support...yes
Checking for sysconf support...yes
Checking for sysctl support...yes
Building GLFW-0.5.2.4...
Preprocessing library GLFW-0.5.2.4...
[1 of 1] Compiling Graphics.UI.GLFW ( Graphics/UI/GLFW.hs, .stack-work/dist/x86_64-linux/Cabal-1.22.4.0/build/Graphics/UI/GLFW.o )

Graphics/UI/GLFW.hs:118:1: Warning:
    Module ‘Foreign’ does not export ‘unsafePerformIO’
glfw/lib/x11/x11_window.c: In function ‘translateKey’:

glfw/lib/x11/x11_window.c:250:5:
     warning: ‘XKeycodeToKeysym’ is deprecated [-Wdeprecated-declarations]
         key = XKeycodeToKeysym( _glfwLibrary.display, keycode, 1 );
         ^

In file included from glfw/lib/x11/platform.h:44:0:
    0,
                     from glfw/lib/internal.h:92,
                     from glfw/lib/x11/x11_window.c:31:

/usr/include/X11/Xlib.h:1687:15:
     note: declared here
     extern KeySym XKeycodeToKeysym(
                   ^

glfw/lib/x11/x11_window.c:272:5:
     warning: ‘XKeycodeToKeysym’ is deprecated [-Wdeprecated-declarations]
         key = XKeycodeToKeysym( _glfwLibrary.display, keycode, 0 );
         ^

In file included from glfw/lib/x11/platform.h:44:0:
    0,
                     from glfw/lib/internal.h:92,
                     from glfw/lib/x11/x11_window.c:31:

/usr/include/X11/Xlib.h:1687:15:
     note: declared here
     extern KeySym XKeycodeToKeysym(
                   ^
glfw/lib/x11/x11_window.c: In function ‘translateKey’:

glfw/lib/x11/x11_window.c:250:5:
     warning: ‘XKeycodeToKeysym’ is deprecated [-Wdeprecated-declarations]
         key = XKeycodeToKeysym( _glfwLibrary.display, keycode, 1 );
         ^

In file included from glfw/lib/x11/platform.h:44:0:
    0,
                     from glfw/lib/internal.h:92,
                     from glfw/lib/x11/x11_window.c:31:

/usr/include/X11/Xlib.h:1687:15:
     note: declared here
     extern KeySym XKeycodeToKeysym(
                   ^

glfw/lib/x11/x11_window.c:272:5:
     warning: ‘XKeycodeToKeysym’ is deprecated [-Wdeprecated-declarations]
         key = XKeycodeToKeysym( _glfwLibrary.display, keycode, 0 );
         ^

In file included from glfw/lib/x11/platform.h:44:0:
    0,
                     from glfw/lib/internal.h:92,
                     from glfw/lib/x11/x11_window.c:31:

/usr/include/X11/Xlib.h:1687:15:
     note: declared here
     extern KeySym XKeycodeToKeysym(
                   ^
In-place registering GLFW-0.5.2.4...
Installing library in
/home/nora/work/learning-haskell/ucsd_grad_pl/hw1/.stack-work/install/x86_64-linux/nightly-2015-09-24/7.10.2/lib/x86_64-linux-ghc-7.10.2/GLFW-0.5.2.4-9zDDfiB3zImCMBoPGPEXML
Registering GLFW-0.5.2.4...
